0 info it worked if it ends with ok
1 verbose cli [ '/usr/local/Cellar/node/5.2.0/bin/node',
1 verbose cli   '/usr/local/bin/npm',
1 verbose cli   'run',
1 verbose cli   'spec' ]
2 info using npm@3.3.12
3 info using node@v5.2.0
4 verbose run-script [ 'prespec', 'spec', 'postspec' ]
5 info lifecycle data-visualization-customizer@1.0.0~prespec: data-visualization-customizer@1.0.0
6 silly lifecycle data-visualization-customizer@1.0.0~prespec: no script for prespec, continuing
7 info lifecycle data-visualization-customizer@1.0.0~spec: data-visualization-customizer@1.0.0
8 verbose lifecycle data-visualization-customizer@1.0.0~spec: unsafe-perm in lifecycle true
9 verbose lifecycle data-visualization-customizer@1.0.0~spec: PATH: /usr/local/lib/node_modules/npm/bin/node-gyp-bin:/Users/peterszerzo/Documents/psz/projects/web/newamerica/data-visualization-customizer/node_modules/.bin:/usr/local/heroku/bin:/Users/peterszerzo/.rvm/gems/ruby-2.1.1/bin:/Users/peterszerzo/.rvm/gems/ruby-2.1.1@global/bin:/Users/peterszerzo/.rvm/rubies/ruby-2.1.1/bin:/usr/local/bin:/usr/bin:/bin:/usr/sbin:/sbin:/Users/peterszerzo/.rvm/bin
10 verbose lifecycle data-visualization-customizer@1.0.0~spec: CWD: /Users/peterszerzo/Documents/psz/projects/web/newamerica/data-visualization-customizer
11 silly lifecycle data-visualization-customizer@1.0.0~spec: Args: [ '-c',
11 silly lifecycle   'mocha --compilers js:babel-core/register src/**/*_spec.js' ]
12 silly lifecycle data-visualization-customizer@1.0.0~spec: Returned: code: 6  signal: null
13 info lifecycle data-visualization-customizer@1.0.0~spec: Failed to exec spec script
14 verbose stack Error: data-visualization-customizer@1.0.0 spec: `mocha --compilers js:babel-core/register src/**/*_spec.js`
14 verbose stack Exit status 6
14 verbose stack     at EventEmitter.<anonymous> (/usr/local/lib/node_modules/npm/lib/utils/lifecycle.js:232:16)
14 verbose stack     at emitTwo (events.js:88:13)
14 verbose stack     at EventEmitter.emit (events.js:173:7)
14 verbose stack     at ChildProcess.<anonymous> (/usr/local/lib/node_modules/npm/lib/utils/spawn.js:24:14)
14 verbose stack     at emitTwo (events.js:88:13)
14 verbose stack     at ChildProcess.emit (events.js:173:7)
14 verbose stack     at maybeClose (internal/child_process.js:819:16)
14 verbose stack     at Process.ChildProcess._handle.onexit (internal/child_process.js:212:5)
15 verbose pkgid data-visualization-customizer@1.0.0
16 verbose cwd /Users/peterszerzo/Documents/psz/projects/web/newamerica/data-visualization-customizer
17 error Darwin 15.0.0
18 error argv "/usr/local/Cellar/node/5.2.0/bin/node" "/usr/local/bin/npm" "run" "spec"
19 error node v5.2.0
20 error npm  v3.3.12
21 error code ELIFECYCLE
22 error data-visualization-customizer@1.0.0 spec: `mocha --compilers js:babel-core/register src/**/*_spec.js`
22 error Exit status 6
23 error Failed at the data-visualization-customizer@1.0.0 spec script 'mocha --compilers js:babel-core/register src/**/*_spec.js'.
23 error Make sure you have the latest version of node.js and npm installed.
23 error If you do, this is most likely a problem with the data-visualization-customizer package,
23 error not with npm itself.
23 error Tell the author that this fails on your system:
23 error     mocha --compilers js:babel-core/register src/**/*_spec.js
23 error You can get their info via:
23 error     npm owner ls data-visualization-customizer
23 error There is likely additional logging output above.
24 verbose exit [ 1, true ]
